Build started 2017/5/9 16:24:34.
     1>Project "C:\Users\changliu816\Documents\GitHub\Rolling_shutter\rollingShutter\data\rolling\rolling\rolling.vcxproj" on node 2 (build target(s)).
     1>InitializeBuildStatus:
         Creating "Debug\rolling.unsuccessfulbuild" because "AlwaysCreate" was specified.
       ClCompile:
         All outputs are up-to-date.
         e:\VS2010\VC\bin\CL.exe /c /ZI /nologo /W3 /WX- /Od /Oy- /D WIN32 /D _DEBUG /D _CONSOLE /D _UNICODE /D UNICODE /Gm /EHsc /RTC1 /MDd /GS /fp:precise /Zc:wchar_t /Zc:forScope /Yu"StdAfx.h" /Fp"Debug\rolling.pch" /Fo"Debug\\" /Fd"Debug\vc100.pdb" /Gd /TP /analyze- /errorReport:prompt rolling.cpp
         rolling.cpp
     1>c:\opencv-2.3.1\opencv\include\opencv2\flann\logger.h(66): warning C4996: 'fopen': This function or variable may be unsafe. Consider using fopen_s instead. To disable deprecation, use _CRT_SECURE_NO_WARNINGS. See online help for details.
                 e:\vs2010\vc\include\stdio.h(234) : see declaration of 'fopen'
     1>c:\opencv-2.3.1\opencv\include\opencv2\flann\flann.hpp(233): warning C4996: 'cv::flann::Index_<T>': was declared deprecated
                 c:\opencv-2.3.1\opencv\include\opencv2\flann\flann.hpp(278) : see reference to class template instantiation 'cv::flann::Index_<T>' being compiled
       ManifestResourceCompile:
         All outputs are up-to-date.
       Link:
         e:\VS2010\VC\bin\link.exe /ERRORREPORT:PROMPT /OUT:"C:\Users\changliu816\Documents\GitHub\Rolling_shutter\rollingShutter\data\rolling\Debug\rolling.exe" /INCREMENTAL /NOLOGO opencv_calib3d231d.lib opencv_contrib231d.lib opencv_core231d.lib opencv_features2d231d.lib opencv_flann231d.lib opencv_gpu231d.lib opencv_haartraining_engined.lib opencv_highgui231d.lib opencv_imgproc231d.lib opencv_legacy231d.lib opencv_ml231d.lib opencv_objdetect231d.lib opencv_ts231d.lib opencv_video231d.lib kernel32.lib user32.lib gdi32.lib winspool.lib comdlg32.lib advapi32.lib shell32.lib ole32.lib oleaut32.lib uuid.lib odbc32.lib odbccp32.lib /MANIFEST /ManifestFile:"Debug\rolling.exe.intermediate.manifest" /MANIFESTUAC:"level='asInvoker' uiAccess='false'" /DEBUG /PDB:"C:\Users\changliu816\Documents\GitHub\Rolling_shutter\rollingShutter\data\rolling\Debug\rolling.pdb" /SUBSYSTEM:CONSOLE /TLBID:1 /DYNAMICBASE /NXCOMPAT /IMPLIB:"C:\Users\changliu816\Documents\GitHub\Rolling_shutter\rollingShutter\data\rolling\Debug\rolling.lib" /MACHINE:X86 Debug\rolling.exe.embed.manifest.res
         Debug\rolling.obj
         Debug\stdafx.obj
       Manifest:
         C:\Program Files (x86)\Microsoft SDKs\Windows\v7.0A\bin\mt.exe /nologo /verbose /out:"Debug\rolling.exe.embed.manifest" /manifest Debug\rolling.exe.intermediate.manifest
         All outputs are up-to-date.
       LinkEmbedManifest:
         All outputs are up-to-date.
         rolling.vcxproj -> C:\Users\changliu816\Documents\GitHub\Rolling_shutter\rollingShutter\data\rolling\Debug\rolling.exe
       FinalizeBuildStatus:
         Deleting file "Debug\rolling.unsuccessfulbuild".
         Touching "Debug\rolling.lastbuildstate".
     1>Done Building Project "C:\Users\changliu816\Documents\GitHub\Rolling_shutter\rollingShutter\data\rolling\rolling\rolling.vcxproj" (build target(s)).

Build succeeded.

Time Elapsed 00:00:07.01
